<?xml version="1.0" encoding="UTF-8"?>
<!-- Generated by org.testng.reporters.JUnitXMLReporter -->
<testsuite ignored="0" hostname="Anuppa-VD3" failures="1" tests="2" name="Test" time="29.3" errors="0" timestamp="2024-10-01T18:26:28 IST">
  <testcase classname="modules.LoginPage" name="TC001_verifyLoginPageCheck" time="0.053">
    <failure type="java.lang.AssertionError" message="expected [true] but found [false]">
      <![CDATA[java.lang.AssertionError: expected [true] but found [false]
at modules.LoginPage.TC001_verifyLoginPageCheck(LoginPage.java:38)
at java.base/java.util.ArrayList.forEach(ArrayList.java:1540)
... Removed 31 stack frames]]>
    </failure>
  </testcase> <!-- TC001_verifyLoginPageCheck -->
  <testcase classname="modules.LoginPage" name="TC002_loginToBuyerPortal" time="18.421"/>
</testsuite> <!-- Test -->
